<?xml version="1.0" encoding="UTF-8"?>
<coverage generated="1635785209338" clover="3.2.0">
  <project timestamp="1635785209338" name="All files">
    <metrics statements="24" coveredstatements="24" conditionals="6" coveredconditionals="6" methods="4" coveredmethods="4" elements="34" coveredelements="34" complexity="0" loc="24" ncloc="24" packages="1" files="2" classes="2"/>
    <file name="index.ts" path="/home/ykorolikhin/Robodreams/homework1/src/index.ts">
      <metrics statements="13" coveredstatements="13" conditionals="3" coveredconditionals="3" methods="2" coveredmethods="2"/>
      <line num="2" count="2" type="stmt"/>
      <line num="4" count="3109" type="cond" truecount="2" falsecount="0"/>
      <line num="9" count="2" type="cond" truecount="1" falsecount="0"/>
      <line num="10" count="5" type="stmt"/>
      <line num="12" count="5" type="stmt"/>
      <line num="13" count="3105" type="stmt"/>
      <line num="16" count="5" type="stmt"/>
      <line num="19" count="2" type="stmt"/>
      <line num="20" count="2" type="stmt"/>
      <line num="21" count="2" type="stmt"/>
      <line num="23" count="2" type="stmt"/>
      <line num="24" count="2" type="stmt"/>
      <line num="25" count="2" type="stmt"/>
    </file>
    <file name="utils.ts" path="/home/ykorolikhin/Robodreams/homework1/src/utils.ts">
      <metrics statements="11" coveredstatements="11" conditionals="3" coveredconditionals="3" methods="2" coveredmethods="2"/>
      <line num="1" count="4" type="cond" truecount="1" falsecount="0"/>
      <line num="2" count="3108" type="stmt"/>
      <line num="3" count="3108" type="stmt"/>
      <line num="4" count="3108" type="stmt"/>
      <line num="7" count="3108" type="stmt"/>
      <line num="8" count="31068" type="stmt"/>
      <line num="11" count="3108" type="stmt"/>
      <line num="14" count="4" type="cond" truecount="2" falsecount="0"/>
      <line num="15" count="3108" type="stmt"/>
      <line num="16" count="3108" type="stmt"/>
      <line num="18" count="3108" type="stmt"/>
    </file>
  </project>
</coverage>
