{"/home/ykorolikhin/Robodreams/homework1/src/index.ts": {"path":"/home/ykorolikhin/Robodreams/homework1/src/index.ts","statementMap":{"0":{"start":{"line":2,"column":0},"end":{"line":2,"column":47}},"1":{"start":{"line":4,"column":26},"end":{"line":7,"column":2}},"2":{"start":{"line":4,"column":82},"end":{"line":7,"column":2}},"3":{"start":{"line":4,"column":13},"end":{"line":4,"column":26}},"4":{"start":{"line":9,"column":26},"end":{"line":17,"column":1}},"5":{"start":{"line":10,"column":25},"end":{"line":10,"column":27}},"6":{"start":{"line":12,"column":1},"end":{"line":14,"column":null}},"7":{"start":{"line":12,"column":14},"end":{"line":12,"column":15}},"8":{"start":{"line":13,"column":2},"end":{"line":13,"column":59}},"9":{"start":{"line":16,"column":1},"end":{"line":16,"column":13}},"10":{"start":{"line":9,"column":13},"end":{"line":9,"column":26}},"11":{"start":{"line":19,"column":0},"end":{"line":19,"column":27}},"12":{"start":{"line":20,"column":17},"end":{"line":20,"column":33}},"13":{"start":{"line":21,"column":0},"end":{"line":21,"column":30}},"14":{"start":{"line":23,"column":0},"end":{"line":23,"column":27}},"15":{"start":{"line":24,"column":15},"end":{"line":24,"column":27}},"16":{"start":{"line":25,"column":0},"end":{"line":25,"column":30}}},"fnMap":{"0":{"name":"(anonymous_0)","decl":{"start":{"line":4,"column":26},"end":{"line":4,"column":27}},"loc":{"start":{"line":4,"column":82},"end":{"line":7,"column":2}}},"1":{"name":"(anonymous_1)","decl":{"start":{"line":9,"column":26},"end":{"line":9,"column":27}},"loc":{"start":{"line":9,"column":60},"end":{"line":17,"column":1}}}},"branchMap":{"0":{"loc":{"start":{"line":4,"column":42},"end":{"line":4,"column":44}},"type":"default-arg","locations":[{"start":{"line":4,"column":42},"end":{"line":4,"column":44}}]},"1":{"loc":{"start":{"line":4,"column":62},"end":{"line":4,"column":63}},"type":"default-arg","locations":[{"start":{"line":4,"column":62},"end":{"line":4,"column":63}}]},"2":{"loc":{"start":{"line":9,"column":44},"end":{"line":9,"column":45}},"type":"default-arg","locations":[{"start":{"line":9,"column":44},"end":{"line":9,"column":45}}]}},"s":{"0":2,"1":2,"2":3109,"3":2,"4":2,"5":5,"6":5,"7":5,"8":3105,"9":5,"10":2,"11":2,"12":2,"13":2,"14":2,"15":2,"16":2},"f":{"0":3109,"1":5},"b":{"0":[2],"1":[2],"2":[1]}}
,"/home/ykorolikhin/Robodreams/homework1/src/utils.ts": {"path":"/home/ykorolikhin/Robodreams/homework1/src/utils.ts","statementMap":{"0":{"start":{"line":2,"column":14},"end":{"line":2,"column":16}},"1":{"start":{"line":3,"column":21},"end":{"line":3,"column":59}},"2":{"start":{"line":4,"column":26},"end":{"line":4,"column":43}},"3":{"start":{"line":7,"column":1},"end":{"line":9,"column":null}},"4":{"start":{"line":7,"column":14},"end":{"line":7,"column":15}},"5":{"start":{"line":8,"column":2},"end":{"line":8,"column":76}},"6":{"start":{"line":11,"column":1},"end":{"line":11,"column":15}},"7":{"start":{"line":1,"column":0},"end":{"line":1,"column":16}},"8":{"start":{"line":15,"column":13},"end":{"line":15,"column":28}},"9":{"start":{"line":16,"column":13},"end":{"line":16,"column":29}},"10":{"start":{"line":18,"column":1},"end":{"line":18,"column":58}},"11":{"start":{"line":14,"column":0},"end":{"line":14,"column":16}}},"fnMap":{"0":{"name":"makeid","decl":{"start":{"line":1,"column":16},"end":{"line":1,"column":22}},"loc":{"start":{"line":1,"column":41},"end":{"line":12,"column":1}}},"1":{"name":"getRandomInt","decl":{"start":{"line":14,"column":16},"end":{"line":14,"column":28}},"loc":{"start":{"line":14,"column":69},"end":{"line":19,"column":1}}}},"branchMap":{"0":{"loc":{"start":{"line":1,"column":40},"end":{"line":1,"column":41}},"type":"default-arg","locations":[{"start":{"line":1,"column":40},"end":{"line":1,"column":41}}]},"1":{"loc":{"start":{"line":14,"column":43},"end":{"line":14,"column":44}},"type":"default-arg","locations":[{"start":{"line":14,"column":43},"end":{"line":14,"column":44}}]},"2":{"loc":{"start":{"line":14,"column":61},"end":{"line":14,"column":69}},"type":"default-arg","locations":[{"start":{"line":14,"column":61},"end":{"line":14,"column":69}}]}},"s":{"0":3108,"1":3108,"2":3108,"3":3108,"4":3108,"5":31068,"6":3108,"7":4,"8":3108,"9":3108,"10":3108,"11":4},"f":{"0":3108,"1":3108},"b":{"0":[1],"1":[1],"2":[1]}}
}
