TN:
SF:/home/ykorolikhin/Robodreams/homework1/src/index.ts
FN:4,(anonymous_0)
FN:9,(anonymous_1)
FNF:2
FNH:2
FNDA:3109,(anonymous_0)
FNDA:5,(anonymous_1)
DA:2,2
DA:4,3109
DA:9,2
DA:10,5
DA:12,5
DA:13,3105
DA:16,5
DA:19,2
DA:20,2
DA:21,2
DA:23,2
DA:24,2
DA:25,2
LF:13
LH:13
BRDA:4,0,0,2
BRDA:4,1,0,2
BRDA:9,2,0,1
BRF:3
BRH:3
end_of_record
TN:
SF:/home/ykorolikhin/Robodreams/homework1/src/utils.ts
FN:1,makeid
FN:14,getRandomInt
FNF:2
FNH:2
FNDA:3108,makeid
FNDA:3108,getRandomInt
DA:1,4
DA:2,3108
DA:3,3108
DA:4,3108
DA:7,3108
DA:8,31068
DA:11,3108
DA:14,4
DA:15,3108
DA:16,3108
DA:18,3108
LF:11
LH:11
BRDA:1,0,0,1
BRDA:14,1,0,1
BRDA:14,2,0,1
BRF:3
BRH:3
end_of_record
